<?xml version="1.0" encoding="UTF-8"?>
<!-- Generated by org.testng.reporters.JUnitReportReporter -->
<testsuite skipped="0" hostname="DESKTOP-JRIMQ69" name="test.ValidateMonthDropDownContainsAllMonths" tests="1" failures="0" timestamp="2022-05-02T16:38:52 CDT" time="2.368" errors="0">
  <testcase name="validateMonthDropDown" time="2.368" classname="test.ValidateMonthDropDownContainsAllMonths"/>
  <system-out/>
</testsuite> <!-- test.ValidateMonthDropDownContainsAllMonths -->
