<?xml version="1.0" encoding="UTF-8"?>
<!-- Generated by org.testng.reporters.JUnitReportReporter -->
<testsuite skipped="0" hostname="DESKTOP-JRIMQ69" name="test.UserShouldNotBeAbleToAddDuplicateCategoryTest" tests="1" failures="0" timestamp="2022-05-02T14:25:25 CDT" time="2.750" errors="0">
  <testcase name="createCategoryAndValidateDuplicateCategoryShouldNotBePermitted" time="2.750" classname="test.UserShouldNotBeAbleToAddDuplicateCategoryTest"/>
  <system-out/>
</testsuite> <!-- test.UserShouldNotBeAbleToAddDuplicateCategoryTest -->
