<?xml version="1.0" encoding="UTF-8"?>
<!-- Generated by org.testng.reporters.JUnitReportReporter -->
<testsuite skipped="0" hostname="DESKTOP-JRIMQ69" name="test.RemoveAllListItemsAndValidateTest" tests="1" failures="0" timestamp="2022-04-30T00:01:35 CDT" time="9.099" errors="0">
  <testcase name="allListItemsShouldBeRemovedWithToggleAllButton" time="9.099" classname="test.RemoveAllListItemsAndValidateTest"/>
  <system-out/>
</testsuite> <!-- test.RemoveAllListItemsAndValidateTest -->
