<?xml version="1.0" encoding="UTF-8"?>
<!-- Generated by org.testng.reporters.JUnitReportReporter -->
<testsuite skipped="0" hostname="DESKTOP-JRIMQ69" name="test.RemoveSingleItemTest" tests="1" failures="0" timestamp="2022-04-30T00:00:02 CDT" time="6.610" errors="0">
  <testcase name="removeSingleItemAndValidate" time="6.610" classname="test.RemoveSingleItemTest"/>
  <system-out/>
</testsuite> <!-- test.RemoveSingleItemTest -->
