<?xml version="1.0" encoding="UTF-8"?>
<!-- Generated by org.testng.reporters.JUnitReportReporter -->
<testsuite skipped="0" hostname="DESKTOP-JRIMQ69" name="test.ClickCheckboxAndValidateTest" tests="1" failures="0" timestamp="2022-05-02T12:03:06 CDT" time="6.048" errors="0">
  <testcase name="clickOnToggleAllCheckboxAndValidate" time="6.048" classname="test.ClickCheckboxAndValidateTest"/>
  <system-out/>
</testsuite> <!-- test.ClickCheckboxAndValidateTest -->
