<?xml version="1.0" encoding="UTF-8"?>
<!-- Generated by org.testng.reporters.JUnitReportReporter -->
<testsuite skipped="0" hostname="DESKTOP-JRIMQ69" name="test.AddCategoryAndValidateTest" tests="1" failures="0" timestamp="02 May 2022 21:37:15 GMT" time="2.887" errors="0">
  <testcase name="addCategoryAndValidate" time="2.887" classname="test.AddCategoryAndValidateTest"/>
</testsuite> <!-- test.AddCategoryAndValidateTest -->
